mode: set
KitaSehat_Backend/configs/configs.go:21.27,23.16 2 0
KitaSehat_Backend/configs/configs.go:23.16,26.3 2 0
KitaSehat_Backend/configs/configs.go:28.2,38.16 4 0
KitaSehat_Backend/configs/configs.go:38.16,40.3 1 0
KitaSehat_Backend/configs/configs.go:42.2,42.11 1 0
KitaSehat_Backend/main.go:9.13,15.2 3 0
KitaSehat_Backend/internal/features/surveys/handler/handler.go:13.60,17.2 1 0
KitaSehat_Backend/internal/features/surveys/handler/handler.go:19.58,21.2 1 0
KitaSehat_Backend/internal/features/surveys/handler/handler.go:23.62,25.2 1 0
KitaSehat_Backend/internal/features/surveys/handler/handler.go:27.58,29.2 1 0
KitaSehat_Backend/internal/features/surveys/handler/handler.go:31.61,33.2 1 0
KitaSehat_Backend/internal/features/surveys/handler/handler.go:35.61,37.2 1 0
KitaSehat_Backend/internal/features/saved_surveys/repository/query.go:13.67,17.2 1 0
KitaSehat_Backend/internal/features/saved_surveys/repository/query.go:19.79,21.2 1 0
KitaSehat_Backend/internal/features/saved_surveys/repository/query.go:23.97,25.2 1 0
KitaSehat_Backend/internal/features/saved_surveys/repository/query.go:27.87,29.2 1 0
KitaSehat_Backend/internal/features/saved_surveys/repository/query.go:31.62,33.2 1 0
KitaSehat_Backend/internal/factory/factory.go:21.32,62.2 18 0
KitaSehat_Backend/internal/features/surveys/repository/query.go:13.56,17.2 1 0
KitaSehat_Backend/internal/features/surveys/repository/query.go:19.62,21.2 1 0
KitaSehat_Backend/internal/features/surveys/repository/query.go:23.66,25.2 1 0
KitaSehat_Backend/internal/features/surveys/repository/query.go:27.66,29.2 1 0
KitaSehat_Backend/internal/features/surveys/repository/query.go:31.65,33.2 1 0
KitaSehat_Backend/internal/features/surveys/repository/query.go:35.51,37.2 1 0
KitaSehat_Backend/internal/features/saved_surveys/handler/handler.go:13.77,17.2 1 0
KitaSehat_Backend/internal/features/saved_surveys/handler/handler.go:19.65,21.2 1 0
KitaSehat_Backend/internal/features/saved_surveys/handler/handler.go:23.73,25.2 1 0
KitaSehat_Backend/internal/features/saved_surveys/handler/handler.go:27.69,29.2 1 0
KitaSehat_Backend/internal/features/saved_surveys/handler/handler.go:31.72,33.2 1 0
KitaSehat_Backend/internal/features/surveys/service/service.go:9.58,13.2 1 0
KitaSehat_Backend/internal/features/surveys/service/service.go:15.64,17.2 1 0
KitaSehat_Backend/internal/features/surveys/service/service.go:19.68,21.2 1 0
KitaSehat_Backend/internal/features/surveys/service/service.go:23.68,25.2 1 0
KitaSehat_Backend/internal/features/surveys/service/service.go:27.67,29.2 1 0
KitaSehat_Backend/internal/features/surveys/service/service.go:31.53,33.2 1 0
KitaSehat_Backend/internal/features/saved_surveys/service/service.go:9.75,13.2 1 0
KitaSehat_Backend/internal/features/saved_surveys/service/service.go:15.81,17.2 1 0
KitaSehat_Backend/internal/features/saved_surveys/service/service.go:19.99,21.2 1 0
KitaSehat_Backend/internal/features/saved_surveys/service/service.go:23.89,25.2 1 0
KitaSehat_Backend/internal/features/saved_surveys/service/service.go:27.64,29.2 1 0
KitaSehat_Backend/internal/features/users/handler/handler.go:15.54,19.2 1 0
KitaSehat_Backend/internal/features/users/handler/handler.go:21.52,24.16 3 0
KitaSehat_Backend/internal/features/users/handler/handler.go:24.16,27.3 2 0
KitaSehat_Backend/internal/features/users/handler/handler.go:29.2,30.17 2 0
KitaSehat_Backend/internal/features/users/handler/handler.go:30.17,32.3 1 0
KitaSehat_Backend/internal/features/users/handler/handler.go:34.2,34.67 1 0
KitaSehat_Backend/internal/features/users/handler/handler.go:37.55,40.16 3 0
KitaSehat_Backend/internal/features/users/handler/handler.go:40.16,43.3 2 0
KitaSehat_Backend/internal/features/users/handler/handler.go:45.2,46.65 2 0
KitaSehat_Backend/internal/features/users/handler/handler.go:49.58,53.17 3 0
KitaSehat_Backend/internal/features/users/handler/handler.go:53.17,55.3 1 0
KitaSehat_Backend/internal/features/users/handler/handler.go:57.2,57.129 1 0
KitaSehat_Backend/internal/features/users/handler/handler.go:60.54,64.17 3 0
KitaSehat_Backend/internal/features/users/handler/handler.go:64.17,66.3 1 0
KitaSehat_Backend/internal/features/users/handler/handler.go:68.2,68.84 1 0
KitaSehat_Backend/internal/features/users/handler/handler.go:71.57,76.16 4 0
KitaSehat_Backend/internal/features/users/handler/handler.go:76.16,79.3 2 0
KitaSehat_Backend/internal/features/users/handler/handler.go:81.2,82.65 2 0
KitaSehat_Backend/internal/features/users/handler/handler.go:85.57,90.2 3 0
KitaSehat_Backend/internal/features/users/handler/handler.go:92.61,97.16 4 0
KitaSehat_Backend/internal/features/users/handler/handler.go:97.16,100.3 2 0
KitaSehat_Backend/internal/features/users/handler/handler.go:102.2,103.65 2 0
KitaSehat_Backend/internal/features/users/handler/request.go:28.61,35.2 1 0
KitaSehat_Backend/internal/features/users/handler/request.go:37.57,44.2 1 0
KitaSehat_Backend/internal/features/users/handler/request.go:46.73,50.2 1 0
KitaSehat_Backend/internal/features/users/handler/response.go:19.60,22.28 2 0
KitaSehat_Backend/internal/features/users/handler/response.go:22.28,33.3 1 0
KitaSehat_Backend/internal/features/users/handler/response.go:35.2,35.15 1 0
KitaSehat_Backend/internal/features/users/handler/response.go:38.52,49.2 1 0
KitaSehat_Backend/internal/features/users/repository/data.go:23.42,36.2 1 0
KitaSehat_Backend/internal/features/users/repository/data.go:38.49,40.28 2 0
KitaSehat_Backend/internal/features/users/repository/data.go:40.28,53.3 1 0
KitaSehat_Backend/internal/features/users/repository/data.go:54.2,54.15 1 0
KitaSehat_Backend/internal/features/users/repository/data.go:57.40,66.2 1 0
KitaSehat_Backend/internal/features/users/repository/query.go:13.52,17.2 1 0
KitaSehat_Backend/internal/features/users/repository/query.go:19.62,24.16 3 0
KitaSehat_Backend/internal/features/users/repository/query.go:24.16,26.3 1 0
KitaSehat_Backend/internal/features/users/repository/query.go:28.2,28.34 1 0
KitaSehat_Backend/internal/features/users/repository/query.go:31.55,36.16 3 0
KitaSehat_Backend/internal/features/users/repository/query.go:36.16,38.3 1 0
KitaSehat_Backend/internal/features/users/repository/query.go:40.2,40.12 1 0
KitaSehat_Backend/internal/features/users/repository/query.go:43.59,47.2 2 0
KitaSehat_Backend/internal/features/users/repository/query.go:49.101,55.16 4 0
KitaSehat_Backend/internal/features/users/repository/query.go:55.16,57.3 1 0
KitaSehat_Backend/internal/features/users/repository/query.go:60.2,61.16 2 0
KitaSehat_Backend/internal/features/users/repository/query.go:61.16,63.3 1 0
KitaSehat_Backend/internal/features/users/repository/query.go:65.2,65.54 1 0
KitaSehat_Backend/internal/features/users/repository/query.go:68.58,73.16 3 0
KitaSehat_Backend/internal/features/users/repository/query.go:73.16,75.3 1 0
KitaSehat_Backend/internal/features/users/repository/query.go:77.2,77.34 1 0
KitaSehat_Backend/internal/features/users/repository/query.go:80.65,83.16 2 0
KitaSehat_Backend/internal/features/users/repository/query.go:83.16,85.3 1 0
KitaSehat_Backend/internal/features/users/repository/query.go:87.2,87.12 1 0
KitaSehat_Backend/internal/features/users/repository/query.go:90.47,93.16 2 0
KitaSehat_Backend/internal/features/users/repository/query.go:93.16,95.3 1 0
KitaSehat_Backend/internal/features/users/repository/query.go:97.2,97.12 1 0
KitaSehat_Backend/internal/features/users/repository/query.go:100.69,103.16 2 0
KitaSehat_Backend/internal/features/users/repository/query.go:103.16,105.3 1 0
KitaSehat_Backend/internal/features/users/repository/query.go:107.2,107.12 1 0
KitaSehat_Backend/internal/routes/route.go:15.90,17.45 1 0
KitaSehat_Backend/internal/routes/route.go:17.45,19.3 1 0
KitaSehat_Backend/internal/routes/route.go:22.2,26.19 3 0
KitaSehat_Backend/internal/routes/route.go:29.50,37.2 7 0
KitaSehat_Backend/internal/routes/route.go:39.38,46.2 1 0
KitaSehat_Backend/internal/helper/helper.go:19.79,26.2 1 0
KitaSehat_Backend/internal/helper/helper.go:28.57,35.2 1 0
KitaSehat_Backend/internal/utils/cloudinary.go:14.63,17.16 2 0
KitaSehat_Backend/internal/utils/cloudinary.go:17.16,19.3 1 0
KitaSehat_Backend/internal/utils/cloudinary.go:22.2,23.16 2 0
KitaSehat_Backend/internal/utils/cloudinary.go:23.16,25.3 1 0
KitaSehat_Backend/internal/utils/cloudinary.go:28.2,29.16 2 0
KitaSehat_Backend/internal/utils/cloudinary.go:29.16,31.3 1 0
KitaSehat_Backend/internal/utils/cloudinary.go:32.2,41.16 3 0
KitaSehat_Backend/internal/utils/cloudinary.go:41.16,43.3 1 0
KitaSehat_Backend/internal/utils/cloudinary.go:46.2,46.26 1 0
KitaSehat_Backend/internal/utils/password.go:12.52,14.2 1 0
KitaSehat_Backend/internal/utils/password.go:16.75,18.16 2 0
KitaSehat_Backend/internal/utils/password.go:18.16,20.3 1 0
KitaSehat_Backend/internal/utils/password.go:21.2,21.20 1 0
KitaSehat_Backend/internal/utils/password.go:24.73,26.2 1 0
KitaSehat_Backend/internal/utils/token.go:18.46,20.2 1 0
KitaSehat_Backend/internal/utils/token.go:22.77,35.16 12 0
KitaSehat_Backend/internal/utils/token.go:35.16,37.3 1 0
KitaSehat_Backend/internal/utils/token.go:39.2,39.20 1 0
KitaSehat_Backend/internal/utils/token.go:42.66,53.2 2 0
KitaSehat_Backend/internal/utils/validator_error_mock.go:11.50,13.2 1 0
KitaSehat_Backend/internal/utils/validator_error_mock.go:15.54,17.2 1 0
KitaSehat_Backend/internal/utils/validator_mock.go:9.40,11.2 1 0
KitaSehat_Backend/internal/utils/validator_mock.go:13.49,15.2 1 0
KitaSehat_Backend/mocks/PasswordUtilityInterface.go:13.83,16.19 2 0
KitaSehat_Backend/mocks/PasswordUtilityInterface.go:16.19,17.57 1 0
KitaSehat_Backend/mocks/PasswordUtilityInterface.go:20.2,21.59 2 0
KitaSehat_Backend/mocks/PasswordUtilityInterface.go:21.59,23.3 1 0
KitaSehat_Backend/mocks/PasswordUtilityInterface.go:23.8,25.3 1 0
KitaSehat_Backend/mocks/PasswordUtilityInterface.go:27.2,27.11 1 0
KitaSehat_Backend/mocks/PasswordUtilityInterface.go:31.82,34.19 2 0
KitaSehat_Backend/mocks/PasswordUtilityInterface.go:34.19,35.58 1 0
KitaSehat_Backend/mocks/PasswordUtilityInterface.go:38.2,40.61 3 0
KitaSehat_Backend/mocks/PasswordUtilityInterface.go:40.61,42.3 1 0
KitaSehat_Backend/mocks/PasswordUtilityInterface.go:43.2,43.52 1 0
KitaSehat_Backend/mocks/PasswordUtilityInterface.go:43.52,45.3 1 0
KitaSehat_Backend/mocks/PasswordUtilityInterface.go:45.8,46.24 1 0
KitaSehat_Backend/mocks/PasswordUtilityInterface.go:46.24,48.4 1 0
KitaSehat_Backend/mocks/PasswordUtilityInterface.go:51.2,51.51 1 0
KitaSehat_Backend/mocks/PasswordUtilityInterface.go:51.51,53.3 1 0
KitaSehat_Backend/mocks/PasswordUtilityInterface.go:53.8,55.3 1 0
KitaSehat_Backend/mocks/PasswordUtilityInterface.go:57.2,57.15 1 0
KitaSehat_Backend/mocks/PasswordUtilityInterface.go:65.30,69.19 3 0
KitaSehat_Backend/mocks/PasswordUtilityInterface.go:69.19,69.49 1 0
KitaSehat_Backend/mocks/PasswordUtilityInterface.go:71.2,71.13 1 0
KitaSehat_Backend/mocks/SHandler.go:16.55,19.19 2 0
KitaSehat_Backend/mocks/SHandler.go:19.19,20.51 1 0
KitaSehat_Backend/mocks/SHandler.go:23.2,24.57 2 0
KitaSehat_Backend/mocks/SHandler.go:24.57,26.3 1 0
KitaSehat_Backend/mocks/SHandler.go:26.8,28.3 1 0
KitaSehat_Backend/mocks/SHandler.go:30.2,30.11 1 0
KitaSehat_Backend/mocks/SHandler.go:34.58,37.19 2 0
KitaSehat_Backend/mocks/SHandler.go:37.19,38.54 1 0
KitaSehat_Backend/mocks/SHandler.go:41.2,42.57 2 0
KitaSehat_Backend/mocks/SHandler.go:42.57,44.3 1 0
KitaSehat_Backend/mocks/SHandler.go:44.8,46.3 1 0
KitaSehat_Backend/mocks/SHandler.go:48.2,48.11 1 0
KitaSehat_Backend/mocks/SHandler.go:52.59,55.19 2 0
KitaSehat_Backend/mocks/SHandler.go:55.19,56.55 1 0
KitaSehat_Backend/mocks/SHandler.go:59.2,60.57 2 0
KitaSehat_Backend/mocks/SHandler.go:60.57,62.3 1 0
KitaSehat_Backend/mocks/SHandler.go:62.8,64.3 1 0
KitaSehat_Backend/mocks/SHandler.go:66.2,66.11 1 0
KitaSehat_Backend/mocks/SHandler.go:70.55,73.19 2 0
KitaSehat_Backend/mocks/SHandler.go:73.19,74.51 1 0
KitaSehat_Backend/mocks/SHandler.go:77.2,78.57 2 0
KitaSehat_Backend/mocks/SHandler.go:78.57,80.3 1 0
KitaSehat_Backend/mocks/SHandler.go:80.8,82.3 1 0
KitaSehat_Backend/mocks/SHandler.go:84.2,84.11 1 0
KitaSehat_Backend/mocks/SHandler.go:88.58,91.19 2 0
KitaSehat_Backend/mocks/SHandler.go:91.19,92.54 1 0
KitaSehat_Backend/mocks/SHandler.go:95.2,96.57 2 0
KitaSehat_Backend/mocks/SHandler.go:96.57,98.3 1 0
KitaSehat_Backend/mocks/SHandler.go:98.8,100.3 1 0
KitaSehat_Backend/mocks/SHandler.go:102.2,102.11 1 0
KitaSehat_Backend/mocks/SHandler.go:110.14,114.19 3 0
KitaSehat_Backend/mocks/SHandler.go:114.19,114.49 1 0
KitaSehat_Backend/mocks/SHandler.go:116.2,116.13 1 0
KitaSehat_Backend/mocks/SQuery.go:17.55,20.19 2 0
KitaSehat_Backend/mocks/SQuery.go:20.19,21.51 1 0
KitaSehat_Backend/mocks/SQuery.go:24.2,25.59 2 0
KitaSehat_Backend/mocks/SQuery.go:25.59,27.3 1 0
KitaSehat_Backend/mocks/SQuery.go:27.8,29.3 1 0
KitaSehat_Backend/mocks/SQuery.go:31.2,31.11 1 0
KitaSehat_Backend/mocks/SQuery.go:35.47,38.19 2 0
KitaSehat_Backend/mocks/SQuery.go:38.19,39.54 1 0
KitaSehat_Backend/mocks/SQuery.go:42.2,43.48 2 0
KitaSehat_Backend/mocks/SQuery.go:43.48,45.3 1 0
KitaSehat_Backend/mocks/SQuery.go:45.8,47.3 1 0
KitaSehat_Backend/mocks/SQuery.go:49.2,49.11 1 0
KitaSehat_Backend/mocks/SQuery.go:53.61,56.19 2 0
KitaSehat_Backend/mocks/SQuery.go:56.19,57.55 1 0
KitaSehat_Backend/mocks/SQuery.go:60.2,62.65 3 0
KitaSehat_Backend/mocks/SQuery.go:62.65,64.3 1 0
KitaSehat_Backend/mocks/SQuery.go:65.2,65.56 1 0
KitaSehat_Backend/mocks/SQuery.go:65.56,67.3 1 0
KitaSehat_Backend/mocks/SQuery.go:67.8,68.24 1 0
KitaSehat_Backend/mocks/SQuery.go:68.24,70.4 1 0
KitaSehat_Backend/mocks/SQuery.go:73.2,73.45 1 0
KitaSehat_Backend/mocks/SQuery.go:73.45,75.3 1 0
KitaSehat_Backend/mocks/SQuery.go:75.8,77.3 1 0
KitaSehat_Backend/mocks/SQuery.go:79.2,79.15 1 0
KitaSehat_Backend/mocks/SQuery.go:83.62,86.19 2 0
KitaSehat_Backend/mocks/SQuery.go:86.19,87.51 1 0
KitaSehat_Backend/mocks/SQuery.go:90.2,92.66 3 0
KitaSehat_Backend/mocks/SQuery.go:92.66,94.3 1 0
KitaSehat_Backend/mocks/SQuery.go:95.2,95.57 1 0
KitaSehat_Backend/mocks/SQuery.go:95.57,97.3 1 0
KitaSehat_Backend/mocks/SQuery.go:97.8,99.3 1 0
KitaSehat_Backend/mocks/SQuery.go:101.2,101.48 1 0
KitaSehat_Backend/mocks/SQuery.go:101.48,103.3 1 0
KitaSehat_Backend/mocks/SQuery.go:103.8,105.3 1 0
KitaSehat_Backend/mocks/SQuery.go:107.2,107.15 1 0
KitaSehat_Backend/mocks/SQuery.go:111.58,114.19 2 0
KitaSehat_Backend/mocks/SQuery.go:114.19,115.54 1 0
KitaSehat_Backend/mocks/SQuery.go:118.2,119.59 2 0
KitaSehat_Backend/mocks/SQuery.go:119.59,121.3 1 0
KitaSehat_Backend/mocks/SQuery.go:121.8,123.3 1 0
KitaSehat_Backend/mocks/SQuery.go:125.2,125.11 1 0
KitaSehat_Backend/mocks/SQuery.go:133.12,137.19 3 0
KitaSehat_Backend/mocks/SQuery.go:137.19,137.49 1 0
KitaSehat_Backend/mocks/SQuery.go:139.2,139.13 1 0
KitaSehat_Backend/mocks/SSHandler.go:16.64,19.19 2 0
KitaSehat_Backend/mocks/SSHandler.go:19.19,20.59 1 0
KitaSehat_Backend/mocks/SSHandler.go:23.2,24.57 2 0
KitaSehat_Backend/mocks/SSHandler.go:24.57,26.3 1 0
KitaSehat_Backend/mocks/SSHandler.go:26.8,28.3 1 0
KitaSehat_Backend/mocks/SSHandler.go:30.2,30.11 1 0
KitaSehat_Backend/mocks/SSHandler.go:34.65,37.19 2 0
KitaSehat_Backend/mocks/SSHandler.go:37.19,38.60 1 0
KitaSehat_Backend/mocks/SSHandler.go:41.2,42.57 2 0
KitaSehat_Backend/mocks/SSHandler.go:42.57,44.3 1 0
KitaSehat_Backend/mocks/SSHandler.go:44.8,46.3 1 0
KitaSehat_Backend/mocks/SSHandler.go:48.2,48.11 1 0
KitaSehat_Backend/mocks/SSHandler.go:52.61,55.19 2 0
KitaSehat_Backend/mocks/SSHandler.go:55.19,56.56 1 0
KitaSehat_Backend/mocks/SSHandler.go:59.2,60.57 2 0
KitaSehat_Backend/mocks/SSHandler.go:60.57,62.3 1 0
KitaSehat_Backend/mocks/SSHandler.go:62.8,64.3 1 0
KitaSehat_Backend/mocks/SSHandler.go:66.2,66.11 1 0
KitaSehat_Backend/mocks/SSHandler.go:70.57,73.19 2 0
KitaSehat_Backend/mocks/SSHandler.go:73.19,74.52 1 0
KitaSehat_Backend/mocks/SSHandler.go:77.2,78.57 2 0
KitaSehat_Backend/mocks/SSHandler.go:78.57,80.3 1 0
KitaSehat_Backend/mocks/SSHandler.go:80.8,82.3 1 0
KitaSehat_Backend/mocks/SSHandler.go:84.2,84.11 1 0
KitaSehat_Backend/mocks/SSHandler.go:92.15,96.19 3 0
KitaSehat_Backend/mocks/SSHandler.go:96.19,96.49 1 0
KitaSehat_Backend/mocks/SSHandler.go:98.2,98.13 1 0
KitaSehat_Backend/mocks/SSQuery.go:17.53,20.19 2 0
KitaSehat_Backend/mocks/SSQuery.go:20.19,21.59 1 0
KitaSehat_Backend/mocks/SSQuery.go:24.2,25.48 2 0
KitaSehat_Backend/mocks/SSQuery.go:25.48,27.3 1 0
KitaSehat_Backend/mocks/SSQuery.go:27.8,29.3 1 0
KitaSehat_Backend/mocks/SSQuery.go:31.2,31.11 1 0
KitaSehat_Backend/mocks/SSQuery.go:35.84,38.19 2 0
KitaSehat_Backend/mocks/SSQuery.go:38.19,39.60 1 0
KitaSehat_Backend/mocks/SSQuery.go:42.2,44.78 3 0
KitaSehat_Backend/mocks/SSQuery.go:44.78,46.3 1 0
KitaSehat_Backend/mocks/SSQuery.go:47.2,47.69 1 0
KitaSehat_Backend/mocks/SSQuery.go:47.69,49.3 1 0
KitaSehat_Backend/mocks/SSQuery.go:49.8,50.24 1 0
KitaSehat_Backend/mocks/SSQuery.go:50.24,52.4 1 0
KitaSehat_Backend/mocks/SSQuery.go:55.2,55.48 1 0
KitaSehat_Backend/mocks/SSQuery.go:55.48,57.3 1 0
KitaSehat_Backend/mocks/SSQuery.go:57.8,59.3 1 0
KitaSehat_Backend/mocks/SSQuery.go:61.2,61.15 1 0
KitaSehat_Backend/mocks/SSQuery.go:65.78,68.19 2 0
KitaSehat_Backend/mocks/SSQuery.go:68.19,69.56 1 0
KitaSehat_Backend/mocks/SSQuery.go:72.2,74.76 3 0
KitaSehat_Backend/mocks/SSQuery.go:74.76,76.3 1 0
KitaSehat_Backend/mocks/SSQuery.go:77.2,77.67 1 0
KitaSehat_Backend/mocks/SSQuery.go:77.67,79.3 1 0
KitaSehat_Backend/mocks/SSQuery.go:79.8,81.3 1 0
KitaSehat_Backend/mocks/SSQuery.go:83.2,83.48 1 0
KitaSehat_Backend/mocks/SSQuery.go:83.48,85.3 1 0
KitaSehat_Backend/mocks/SSQuery.go:85.8,87.3 1 0
KitaSehat_Backend/mocks/SSQuery.go:89.2,89.15 1 0
KitaSehat_Backend/mocks/SSQuery.go:93.67,96.19 2 0
KitaSehat_Backend/mocks/SSQuery.go:96.19,97.52 1 0
KitaSehat_Backend/mocks/SSQuery.go:100.2,101.69 2 0
KitaSehat_Backend/mocks/SSQuery.go:101.69,103.3 1 0
KitaSehat_Backend/mocks/SSQuery.go:103.8,105.3 1 0
KitaSehat_Backend/mocks/SSQuery.go:107.2,107.11 1 0
KitaSehat_Backend/mocks/SSQuery.go:115.13,119.19 3 0
KitaSehat_Backend/mocks/SSQuery.go:119.19,119.49 1 0
KitaSehat_Backend/mocks/SSQuery.go:121.2,121.13 1 0
KitaSehat_Backend/mocks/SSService.go:17.55,20.19 2 0
KitaSehat_Backend/mocks/SSService.go:20.19,21.59 1 0
KitaSehat_Backend/mocks/SSService.go:24.2,25.48 2 0
KitaSehat_Backend/mocks/SSService.go:25.48,27.3 1 0
KitaSehat_Backend/mocks/SSService.go:27.8,29.3 1 0
KitaSehat_Backend/mocks/SSService.go:31.2,31.11 1 0
KitaSehat_Backend/mocks/SSService.go:35.86,38.19 2 0
KitaSehat_Backend/mocks/SSService.go:38.19,39.60 1 0
KitaSehat_Backend/mocks/SSService.go:42.2,44.78 3 0
KitaSehat_Backend/mocks/SSService.go:44.78,46.3 1 0
KitaSehat_Backend/mocks/SSService.go:47.2,47.69 1 0
KitaSehat_Backend/mocks/SSService.go:47.69,49.3 1 0
KitaSehat_Backend/mocks/SSService.go:49.8,50.24 1 0
KitaSehat_Backend/mocks/SSService.go:50.24,52.4 1 0
KitaSehat_Backend/mocks/SSService.go:55.2,55.48 1 0
KitaSehat_Backend/mocks/SSService.go:55.48,57.3 1 0
KitaSehat_Backend/mocks/SSService.go:57.8,59.3 1 0
KitaSehat_Backend/mocks/SSService.go:61.2,61.15 1 0
KitaSehat_Backend/mocks/SSService.go:65.80,68.19 2 0
KitaSehat_Backend/mocks/SSService.go:68.19,69.56 1 0
KitaSehat_Backend/mocks/SSService.go:72.2,74.76 3 0
KitaSehat_Backend/mocks/SSService.go:74.76,76.3 1 0
KitaSehat_Backend/mocks/SSService.go:77.2,77.67 1 0
KitaSehat_Backend/mocks/SSService.go:77.67,79.3 1 0
KitaSehat_Backend/mocks/SSService.go:79.8,81.3 1 0
KitaSehat_Backend/mocks/SSService.go:83.2,83.48 1 0
KitaSehat_Backend/mocks/SSService.go:83.48,85.3 1 0
KitaSehat_Backend/mocks/SSService.go:85.8,87.3 1 0
KitaSehat_Backend/mocks/SSService.go:89.2,89.15 1 0
KitaSehat_Backend/mocks/SSService.go:93.69,96.19 2 0
KitaSehat_Backend/mocks/SSService.go:96.19,97.52 1 0
KitaSehat_Backend/mocks/SSService.go:100.2,101.69 2 0
KitaSehat_Backend/mocks/SSService.go:101.69,103.3 1 0
KitaSehat_Backend/mocks/SSService.go:103.8,105.3 1 0
KitaSehat_Backend/mocks/SSService.go:107.2,107.11 1 0
KitaSehat_Backend/mocks/SSService.go:115.15,119.19 3 0
KitaSehat_Backend/mocks/SSService.go:119.19,119.49 1 0
KitaSehat_Backend/mocks/SSService.go:121.2,121.13 1 0
KitaSehat_Backend/mocks/SService.go:17.57,20.19 2 0
KitaSehat_Backend/mocks/SService.go:20.19,21.51 1 0
KitaSehat_Backend/mocks/SService.go:24.2,25.59 2 0
KitaSehat_Backend/mocks/SService.go:25.59,27.3 1 0
KitaSehat_Backend/mocks/SService.go:27.8,29.3 1 0
KitaSehat_Backend/mocks/SService.go:31.2,31.11 1 0
KitaSehat_Backend/mocks/SService.go:35.49,38.19 2 0
KitaSehat_Backend/mocks/SService.go:38.19,39.54 1 0
KitaSehat_Backend/mocks/SService.go:42.2,43.48 2 0
KitaSehat_Backend/mocks/SService.go:43.48,45.3 1 0
KitaSehat_Backend/mocks/SService.go:45.8,47.3 1 0
KitaSehat_Backend/mocks/SService.go:49.2,49.11 1 0
KitaSehat_Backend/mocks/SService.go:53.63,56.19 2 0
KitaSehat_Backend/mocks/SService.go:56.19,57.55 1 0
KitaSehat_Backend/mocks/SService.go:60.2,62.65 3 0
KitaSehat_Backend/mocks/SService.go:62.65,64.3 1 0
KitaSehat_Backend/mocks/SService.go:65.2,65.56 1 0
KitaSehat_Backend/mocks/SService.go:65.56,67.3 1 0
KitaSehat_Backend/mocks/SService.go:67.8,68.24 1 0
KitaSehat_Backend/mocks/SService.go:68.24,70.4 1 0
KitaSehat_Backend/mocks/SService.go:73.2,73.45 1 0
KitaSehat_Backend/mocks/SService.go:73.45,75.3 1 0
KitaSehat_Backend/mocks/SService.go:75.8,77.3 1 0
KitaSehat_Backend/mocks/SService.go:79.2,79.15 1 0
KitaSehat_Backend/mocks/SService.go:83.64,86.19 2 0
KitaSehat_Backend/mocks/SService.go:86.19,87.51 1 0
KitaSehat_Backend/mocks/SService.go:90.2,92.66 3 0
KitaSehat_Backend/mocks/SService.go:92.66,94.3 1 0
KitaSehat_Backend/mocks/SService.go:95.2,95.57 1 0
KitaSehat_Backend/mocks/SService.go:95.57,97.3 1 0
KitaSehat_Backend/mocks/SService.go:97.8,99.3 1 0
KitaSehat_Backend/mocks/SService.go:101.2,101.48 1 0
KitaSehat_Backend/mocks/SService.go:101.48,103.3 1 0
KitaSehat_Backend/mocks/SService.go:103.8,105.3 1 0
KitaSehat_Backend/mocks/SService.go:107.2,107.15 1 0
KitaSehat_Backend/mocks/SService.go:111.60,114.19 2 0
KitaSehat_Backend/mocks/SService.go:114.19,115.54 1 0
KitaSehat_Backend/mocks/SService.go:118.2,119.59 2 0
KitaSehat_Backend/mocks/SService.go:119.59,121.3 1 0
KitaSehat_Backend/mocks/SService.go:121.8,123.3 1 0
KitaSehat_Backend/mocks/SService.go:125.2,125.11 1 0
KitaSehat_Backend/mocks/SService.go:133.14,137.19 3 0
KitaSehat_Backend/mocks/SService.go:137.19,137.49 1 0
KitaSehat_Backend/mocks/SService.go:139.2,139.13 1 0
KitaSehat_Backend/mocks/TokenUtilityInterface.go:18.73,21.19 2 0
KitaSehat_Backend/mocks/TokenUtilityInterface.go:21.19,22.53 1 0
KitaSehat_Backend/mocks/TokenUtilityInterface.go:25.2,26.60 2 0
KitaSehat_Backend/mocks/TokenUtilityInterface.go:26.60,28.3 1 0
KitaSehat_Backend/mocks/TokenUtilityInterface.go:28.8,30.3 1 0
KitaSehat_Backend/mocks/TokenUtilityInterface.go:32.2,32.11 1 0
KitaSehat_Backend/mocks/TokenUtilityInterface.go:36.80,39.19 2 0
KitaSehat_Backend/mocks/TokenUtilityInterface.go:39.19,40.55 1 0
KitaSehat_Backend/mocks/TokenUtilityInterface.go:43.2,45.65 3 0
KitaSehat_Backend/mocks/TokenUtilityInterface.go:45.65,47.3 1 0
KitaSehat_Backend/mocks/TokenUtilityInterface.go:48.2,48.56 1 0
KitaSehat_Backend/mocks/TokenUtilityInterface.go:48.56,50.3 1 0
KitaSehat_Backend/mocks/TokenUtilityInterface.go:50.8,52.3 1 0
KitaSehat_Backend/mocks/TokenUtilityInterface.go:54.2,54.55 1 0
KitaSehat_Backend/mocks/TokenUtilityInterface.go:54.55,56.3 1 0
KitaSehat_Backend/mocks/TokenUtilityInterface.go:56.8,58.3 1 0
KitaSehat_Backend/mocks/TokenUtilityInterface.go:60.2,60.15 1 0
KitaSehat_Backend/mocks/TokenUtilityInterface.go:68.27,72.19 3 0
KitaSehat_Backend/mocks/TokenUtilityInterface.go:72.19,72.49 1 0
KitaSehat_Backend/mocks/TokenUtilityInterface.go:74.2,74.13 1 0
KitaSehat_Backend/mocks/UHandler.go:16.60,19.19 2 0
KitaSehat_Backend/mocks/UHandler.go:19.19,20.56 1 0
KitaSehat_Backend/mocks/UHandler.go:23.2,24.57 2 0
KitaSehat_Backend/mocks/UHandler.go:24.57,26.3 1 0
KitaSehat_Backend/mocks/UHandler.go:26.8,28.3 1 0
KitaSehat_Backend/mocks/UHandler.go:30.2,30.11 1 0
KitaSehat_Backend/mocks/UHandler.go:34.56,37.19 2 0
KitaSehat_Backend/mocks/UHandler.go:37.19,38.52 1 0
KitaSehat_Backend/mocks/UHandler.go:41.2,42.57 2 0
KitaSehat_Backend/mocks/UHandler.go:42.57,44.3 1 0
KitaSehat_Backend/mocks/UHandler.go:44.8,46.3 1 0
KitaSehat_Backend/mocks/UHandler.go:48.2,48.11 1 0
KitaSehat_Backend/mocks/UHandler.go:52.57,55.19 2 0
KitaSehat_Backend/mocks/UHandler.go:55.19,56.53 1 0
KitaSehat_Backend/mocks/UHandler.go:59.2,60.57 2 0
KitaSehat_Backend/mocks/UHandler.go:60.57,62.3 1 0
KitaSehat_Backend/mocks/UHandler.go:62.8,64.3 1 0
KitaSehat_Backend/mocks/UHandler.go:66.2,66.11 1 0
KitaSehat_Backend/mocks/UHandler.go:70.53,73.19 2 0
KitaSehat_Backend/mocks/UHandler.go:73.19,74.49 1 0
KitaSehat_Backend/mocks/UHandler.go:77.2,78.57 2 0
KitaSehat_Backend/mocks/UHandler.go:78.57,80.3 1 0
KitaSehat_Backend/mocks/UHandler.go:80.8,82.3 1 0
KitaSehat_Backend/mocks/UHandler.go:84.2,84.11 1 0
KitaSehat_Backend/mocks/UHandler.go:88.51,91.19 2 0
KitaSehat_Backend/mocks/UHandler.go:91.19,92.47 1 0
KitaSehat_Backend/mocks/UHandler.go:95.2,96.57 2 0
KitaSehat_Backend/mocks/UHandler.go:96.57,98.3 1 0
KitaSehat_Backend/mocks/UHandler.go:98.8,100.3 1 0
KitaSehat_Backend/mocks/UHandler.go:102.2,102.11 1 0
KitaSehat_Backend/mocks/UHandler.go:106.54,109.19 2 0
KitaSehat_Backend/mocks/UHandler.go:109.19,110.50 1 0
KitaSehat_Backend/mocks/UHandler.go:113.2,114.57 2 0
KitaSehat_Backend/mocks/UHandler.go:114.57,116.3 1 0
KitaSehat_Backend/mocks/UHandler.go:116.8,118.3 1 0
KitaSehat_Backend/mocks/UHandler.go:120.2,120.11 1 0
KitaSehat_Backend/mocks/UHandler.go:124.56,127.19 2 0
KitaSehat_Backend/mocks/UHandler.go:127.19,128.52 1 0
KitaSehat_Backend/mocks/UHandler.go:131.2,132.57 2 0
KitaSehat_Backend/mocks/UHandler.go:132.57,134.3 1 0
KitaSehat_Backend/mocks/UHandler.go:134.8,136.3 1 0
KitaSehat_Backend/mocks/UHandler.go:138.2,138.11 1 0
KitaSehat_Backend/mocks/UHandler.go:146.14,150.19 3 0
KitaSehat_Backend/mocks/UHandler.go:150.19,150.49 1 0
KitaSehat_Backend/mocks/UHandler.go:152.2,152.13 1 0
KitaSehat_Backend/mocks/UQuery.go:17.65,20.19 2 0
KitaSehat_Backend/mocks/UQuery.go:20.19,21.56 1 0
KitaSehat_Backend/mocks/UQuery.go:24.2,25.60 2 0
KitaSehat_Backend/mocks/UQuery.go:25.60,27.3 1 0
KitaSehat_Backend/mocks/UQuery.go:27.8,29.3 1 0
KitaSehat_Backend/mocks/UQuery.go:31.2,31.11 1 0
KitaSehat_Backend/mocks/UQuery.go:35.45,38.19 2 0
KitaSehat_Backend/mocks/UQuery.go:38.19,39.52 1 0
KitaSehat_Backend/mocks/UQuery.go:42.2,43.48 2 0
KitaSehat_Backend/mocks/UQuery.go:43.48,45.3 1 0
KitaSehat_Backend/mocks/UQuery.go:45.8,47.3 1 0
KitaSehat_Backend/mocks/UQuery.go:49.2,49.11 1 0
KitaSehat_Backend/mocks/UQuery.go:53.85,56.19 2 0
KitaSehat_Backend/mocks/UQuery.go:56.19,57.53 1 0
KitaSehat_Backend/mocks/UQuery.go:60.2,63.79 4 0
KitaSehat_Backend/mocks/UQuery.go:63.79,65.3 1 0
KitaSehat_Backend/mocks/UQuery.go:66.2,66.65 1 0
KitaSehat_Backend/mocks/UQuery.go:66.65,68.3 1 0
KitaSehat_Backend/mocks/UQuery.go:68.8,69.24 1 0
KitaSehat_Backend/mocks/UQuery.go:69.24,71.4 1 0
KitaSehat_Backend/mocks/UQuery.go:74.2,74.56 1 0
KitaSehat_Backend/mocks/UQuery.go:74.56,76.3 1 0
KitaSehat_Backend/mocks/UQuery.go:76.8,78.3 1 0
KitaSehat_Backend/mocks/UQuery.go:80.2,80.58 1 0
KitaSehat_Backend/mocks/UQuery.go:80.58,82.3 1 0
KitaSehat_Backend/mocks/UQuery.go:82.8,84.3 1 0
KitaSehat_Backend/mocks/UQuery.go:86.2,86.19 1 0
KitaSehat_Backend/mocks/UQuery.go:90.56,93.19 2 0
KitaSehat_Backend/mocks/UQuery.go:93.19,94.49 1 0
KitaSehat_Backend/mocks/UQuery.go:97.2,99.62 3 0
KitaSehat_Backend/mocks/UQuery.go:99.62,101.3 1 0
KitaSehat_Backend/mocks/UQuery.go:102.2,102.53 1 0
KitaSehat_Backend/mocks/UQuery.go:102.53,104.3 1 0
KitaSehat_Backend/mocks/UQuery.go:104.8,106.3 1 0
KitaSehat_Backend/mocks/UQuery.go:108.2,108.48 1 0
KitaSehat_Backend/mocks/UQuery.go:108.48,110.3 1 0
KitaSehat_Backend/mocks/UQuery.go:110.8,112.3 1 0
KitaSehat_Backend/mocks/UQuery.go:114.2,114.15 1 0
KitaSehat_Backend/mocks/UQuery.go:118.54,121.19 2 0
KitaSehat_Backend/mocks/UQuery.go:121.19,122.59 1 0
KitaSehat_Backend/mocks/UQuery.go:125.2,126.50 2 0
KitaSehat_Backend/mocks/UQuery.go:126.50,128.3 1 0
KitaSehat_Backend/mocks/UQuery.go:128.8,130.3 1 0
KitaSehat_Backend/mocks/UQuery.go:132.2,132.11 1 0
KitaSehat_Backend/mocks/UQuery.go:136.57,139.19 2 0
KitaSehat_Backend/mocks/UQuery.go:139.19,140.47 1 0
KitaSehat_Backend/mocks/UQuery.go:143.2,145.65 3 0
KitaSehat_Backend/mocks/UQuery.go:145.65,147.3 1 0
KitaSehat_Backend/mocks/UQuery.go:148.2,148.56 1 0
KitaSehat_Backend/mocks/UQuery.go:148.56,150.3 1 0
KitaSehat_Backend/mocks/UQuery.go:150.8,152.3 1 0
KitaSehat_Backend/mocks/UQuery.go:154.2,154.51 1 0
KitaSehat_Backend/mocks/UQuery.go:154.51,156.3 1 0
KitaSehat_Backend/mocks/UQuery.go:156.8,158.3 1 0
KitaSehat_Backend/mocks/UQuery.go:160.2,160.15 1 0
KitaSehat_Backend/mocks/UQuery.go:164.50,167.19 2 0
KitaSehat_Backend/mocks/UQuery.go:167.19,168.50 1 0
KitaSehat_Backend/mocks/UQuery.go:171.2,172.55 2 0
KitaSehat_Backend/mocks/UQuery.go:172.55,174.3 1 0
KitaSehat_Backend/mocks/UQuery.go:174.8,176.3 1 0
KitaSehat_Backend/mocks/UQuery.go:178.2,178.11 1 0
KitaSehat_Backend/mocks/UQuery.go:182.61,185.19 2 0
KitaSehat_Backend/mocks/UQuery.go:185.19,186.52 1 0
KitaSehat_Backend/mocks/UQuery.go:189.2,190.60 2 0
KitaSehat_Backend/mocks/UQuery.go:190.60,192.3 1 0
KitaSehat_Backend/mocks/UQuery.go:192.8,194.3 1 0
KitaSehat_Backend/mocks/UQuery.go:196.2,196.11 1 0
KitaSehat_Backend/mocks/UQuery.go:204.12,208.19 3 0
KitaSehat_Backend/mocks/UQuery.go:208.19,208.49 1 0
KitaSehat_Backend/mocks/UQuery.go:210.2,210.13 1 0
KitaSehat_Backend/mocks/UService.go:18.75,21.19 2 0
KitaSehat_Backend/mocks/UService.go:21.19,22.56 1 0
KitaSehat_Backend/mocks/UService.go:25.2,27.68 3 0
KitaSehat_Backend/mocks/UService.go:27.68,29.3 1 0
KitaSehat_Backend/mocks/UService.go:30.2,30.58 1 0
KitaSehat_Backend/mocks/UService.go:30.58,32.3 1 0
KitaSehat_Backend/mocks/UService.go:32.8,34.3 1 0
KitaSehat_Backend/mocks/UService.go:36.2,36.61 1 0
KitaSehat_Backend/mocks/UService.go:36.61,38.3 1 0
KitaSehat_Backend/mocks/UService.go:38.8,40.3 1 0
KitaSehat_Backend/mocks/UService.go:42.2,42.15 1 0
KitaSehat_Backend/mocks/UService.go:46.55,49.19 2 0
KitaSehat_Backend/mocks/UService.go:49.19,50.52 1 0
KitaSehat_Backend/mocks/UService.go:53.2,55.56 3 0
KitaSehat_Backend/mocks/UService.go:55.56,57.3 1 0
KitaSehat_Backend/mocks/UService.go:58.2,58.46 1 0
KitaSehat_Backend/mocks/UService.go:58.46,60.3 1 0
KitaSehat_Backend/mocks/UService.go:60.8,62.3 1 0
KitaSehat_Backend/mocks/UService.go:64.2,64.49 1 0
KitaSehat_Backend/mocks/UService.go:64.49,66.3 1 0
KitaSehat_Backend/mocks/UService.go:66.8,68.3 1 0
KitaSehat_Backend/mocks/UService.go:70.2,70.15 1 0
KitaSehat_Backend/mocks/UService.go:74.75,77.19 2 0
KitaSehat_Backend/mocks/UService.go:77.19,78.53 1 0
KitaSehat_Backend/mocks/UService.go:81.2,85.75 5 0
KitaSehat_Backend/mocks/UService.go:85.75,87.3 1 0
KitaSehat_Backend/mocks/UService.go:88.2,88.46 1 0
KitaSehat_Backend/mocks/UService.go:88.46,90.3 1 0
KitaSehat_Backend/mocks/UService.go:90.8,92.3 1 0
KitaSehat_Backend/mocks/UService.go:94.2,94.49 1 0
KitaSehat_Backend/mocks/UService.go:94.49,96.3 1 0
KitaSehat_Backend/mocks/UService.go:96.8,98.3 1 0
KitaSehat_Backend/mocks/UService.go:100.2,100.55 1 0
KitaSehat_Backend/mocks/UService.go:100.55,102.3 1 0
KitaSehat_Backend/mocks/UService.go:102.8,103.24 1 0
KitaSehat_Backend/mocks/UService.go:103.24,105.4 1 0
KitaSehat_Backend/mocks/UService.go:108.2,108.46 1 0
KitaSehat_Backend/mocks/UService.go:108.46,110.3 1 0
KitaSehat_Backend/mocks/UService.go:110.8,112.3 1 0
KitaSehat_Backend/mocks/UService.go:114.2,114.23 1 0
KitaSehat_Backend/mocks/UService.go:118.64,121.19 2 0
KitaSehat_Backend/mocks/UService.go:121.19,122.49 1 0
KitaSehat_Backend/mocks/UService.go:125.2,128.68 4 0
KitaSehat_Backend/mocks/UService.go:128.68,130.3 1 0
KitaSehat_Backend/mocks/UService.go:131.2,131.46 1 0
KitaSehat_Backend/mocks/UService.go:131.46,133.3 1 0
KitaSehat_Backend/mocks/UService.go:133.8,135.3 1 0
KitaSehat_Backend/mocks/UService.go:137.2,137.49 1 0
KitaSehat_Backend/mocks/UService.go:137.49,139.3 1 0
KitaSehat_Backend/mocks/UService.go:139.8,141.3 1 0
KitaSehat_Backend/mocks/UService.go:143.2,143.53 1 0
KitaSehat_Backend/mocks/UService.go:143.53,145.3 1 0
KitaSehat_Backend/mocks/UService.go:145.8,147.3 1 0
KitaSehat_Backend/mocks/UService.go:149.2,149.19 1 0
KitaSehat_Backend/mocks/UService.go:153.73,156.19 2 0
KitaSehat_Backend/mocks/UService.go:156.19,157.47 1 0
KitaSehat_Backend/mocks/UService.go:160.2,163.75 4 0
KitaSehat_Backend/mocks/UService.go:163.75,165.3 1 0
KitaSehat_Backend/mocks/UService.go:166.2,166.57 1 0
KitaSehat_Backend/mocks/UService.go:166.57,168.3 1 0
KitaSehat_Backend/mocks/UService.go:168.8,170.3 1 0
KitaSehat_Backend/mocks/UService.go:172.2,172.60 1 0
KitaSehat_Backend/mocks/UService.go:172.60,174.3 1 0
KitaSehat_Backend/mocks/UService.go:174.8,176.3 1 0
KitaSehat_Backend/mocks/UService.go:178.2,178.60 1 0
KitaSehat_Backend/mocks/UService.go:178.60,180.3 1 0
KitaSehat_Backend/mocks/UService.go:180.8,182.3 1 0
KitaSehat_Backend/mocks/UService.go:184.2,184.19 1 0
KitaSehat_Backend/mocks/UService.go:188.60,191.19 2 0
KitaSehat_Backend/mocks/UService.go:191.19,192.50 1 0
KitaSehat_Backend/mocks/UService.go:195.2,197.63 3 0
KitaSehat_Backend/mocks/UService.go:197.63,199.3 1 0
KitaSehat_Backend/mocks/UService.go:200.2,200.53 1 0
KitaSehat_Backend/mocks/UService.go:200.53,202.3 1 0
KitaSehat_Backend/mocks/UService.go:202.8,204.3 1 0
KitaSehat_Backend/mocks/UService.go:206.2,206.56 1 0
KitaSehat_Backend/mocks/UService.go:206.56,208.3 1 0
KitaSehat_Backend/mocks/UService.go:208.8,210.3 1 0
KitaSehat_Backend/mocks/UService.go:212.2,212.15 1 0
KitaSehat_Backend/mocks/UService.go:216.89,219.19 2 0
KitaSehat_Backend/mocks/UService.go:219.19,220.52 1 0
KitaSehat_Backend/mocks/UService.go:223.2,225.82 3 0
KitaSehat_Backend/mocks/UService.go:225.82,227.3 1 0
KitaSehat_Backend/mocks/UService.go:228.2,228.72 1 0
KitaSehat_Backend/mocks/UService.go:228.72,230.3 1 0
KitaSehat_Backend/mocks/UService.go:230.8,232.3 1 0
KitaSehat_Backend/mocks/UService.go:234.2,234.75 1 0
KitaSehat_Backend/mocks/UService.go:234.75,236.3 1 0
KitaSehat_Backend/mocks/UService.go:236.8,238.3 1 0
KitaSehat_Backend/mocks/UService.go:240.2,240.15 1 0
KitaSehat_Backend/mocks/UService.go:248.14,252.19 3 0
KitaSehat_Backend/mocks/UService.go:252.19,252.49 1 0
KitaSehat_Backend/mocks/UService.go:254.2,254.13 1 0
KitaSehat_Backend/mocks/Validator.go:13.49,15.2 1 0
KitaSehat_Backend/mocks/Validator.go:20.15,24.19 3 0
KitaSehat_Backend/mocks/Validator.go:24.19,24.49 1 0
KitaSehat_Backend/mocks/Validator.go:26.2,26.13 1 0
KitaSehat_Backend/mocks/ValidatorErrorInterface.go:13.66,16.19 2 0
KitaSehat_Backend/mocks/ValidatorErrorInterface.go:16.19,17.48 1 0
KitaSehat_Backend/mocks/ValidatorErrorInterface.go:20.2,21.56 2 0
KitaSehat_Backend/mocks/ValidatorErrorInterface.go:21.56,23.3 1 0
KitaSehat_Backend/mocks/ValidatorErrorInterface.go:23.8,25.3 1 0
KitaSehat_Backend/mocks/ValidatorErrorInterface.go:27.2,27.11 1 0
KitaSehat_Backend/mocks/ValidatorErrorInterface.go:35.29,39.19 3 0
KitaSehat_Backend/mocks/ValidatorErrorInterface.go:39.19,39.49 1 0
KitaSehat_Backend/mocks/ValidatorErrorInterface.go:41.2,41.13 1 0
KitaSehat_Backend/mocks/ValidatorInterface.go:13.61,16.19 2 0
KitaSehat_Backend/mocks/ValidatorInterface.go:16.19,17.48 1 0
KitaSehat_Backend/mocks/ValidatorInterface.go:20.2,21.56 2 0
KitaSehat_Backend/mocks/ValidatorInterface.go:21.56,23.3 1 0
KitaSehat_Backend/mocks/ValidatorInterface.go:23.8,25.3 1 0
KitaSehat_Backend/mocks/ValidatorInterface.go:27.2,27.11 1 0
KitaSehat_Backend/mocks/ValidatorInterface.go:35.24,39.19 3 0
KitaSehat_Backend/mocks/ValidatorInterface.go:39.19,39.49 1 0
KitaSehat_Backend/mocks/ValidatorInterface.go:41.2,41.13 1 0
KitaSehat_Backend/internal/features/users/service/service.go:23.117,30.2 1 1
KitaSehat_Backend/internal/features/users/service/service.go:32.83,38.16 2 1
KitaSehat_Backend/internal/features/users/service/service.go:38.16,41.3 2 0
KitaSehat_Backend/internal/features/users/service/service.go:44.2,45.35 2 1
KitaSehat_Backend/internal/features/users/service/service.go:45.35,48.3 2 0
KitaSehat_Backend/internal/features/users/service/service.go:48.8,48.23 1 1
KitaSehat_Backend/internal/features/users/service/service.go:48.23,51.3 2 0
KitaSehat_Backend/internal/features/users/service/service.go:54.2,55.16 2 1
KitaSehat_Backend/internal/features/users/service/service.go:55.16,58.3 2 0
KitaSehat_Backend/internal/features/users/service/service.go:61.2,62.16 2 1
KitaSehat_Backend/internal/features/users/service/service.go:62.16,65.3 2 0
KitaSehat_Backend/internal/features/users/service/service.go:67.2,67.36 1 1
KitaSehat_Backend/internal/features/users/service/service.go:70.65,78.16 2 0
KitaSehat_Backend/internal/features/users/service/service.go:78.16,81.3 2 0
KitaSehat_Backend/internal/features/users/service/service.go:84.2,84.43 1 0
KitaSehat_Backend/internal/features/users/service/service.go:84.43,87.3 2 0
KitaSehat_Backend/internal/features/users/service/service.go:90.2,92.16 3 0
KitaSehat_Backend/internal/features/users/service/service.go:92.16,95.3 2 0
KitaSehat_Backend/internal/features/users/service/service.go:98.2,99.16 2 0
KitaSehat_Backend/internal/features/users/service/service.go:99.16,102.3 2 0
KitaSehat_Backend/internal/features/users/service/service.go:104.2,104.32 1 0
KitaSehat_Backend/internal/features/users/service/service.go:107.86,114.35 4 0
KitaSehat_Backend/internal/features/users/service/service.go:114.35,117.3 2 0
KitaSehat_Backend/internal/features/users/service/service.go:117.8,117.23 1 0
KitaSehat_Backend/internal/features/users/service/service.go:117.23,120.3 2 0
KitaSehat_Backend/internal/features/users/service/service.go:122.2,122.61 1 0
KitaSehat_Backend/internal/features/users/service/service.go:125.66,128.35 2 0
KitaSehat_Backend/internal/features/users/service/service.go:128.35,131.3 2 0
KitaSehat_Backend/internal/features/users/service/service.go:131.8,131.23 1 0
KitaSehat_Backend/internal/features/users/service/service.go:131.23,134.3 2 0
KitaSehat_Backend/internal/features/users/service/service.go:136.2,136.45 1 0
KitaSehat_Backend/internal/features/users/service/service.go:139.91,142.28 2 0
KitaSehat_Backend/internal/features/users/service/service.go:142.28,145.3 2 0
KitaSehat_Backend/internal/features/users/service/service.go:145.8,145.75 1 0
KitaSehat_Backend/internal/features/users/service/service.go:145.75,148.3 2 0
KitaSehat_Backend/internal/features/users/service/service.go:151.2,155.16 2 0
KitaSehat_Backend/internal/features/users/service/service.go:155.16,158.3 2 0
KitaSehat_Backend/internal/features/users/service/service.go:161.2,162.16 2 0
KitaSehat_Backend/internal/features/users/service/service.go:162.16,165.3 2 0
KitaSehat_Backend/internal/features/users/service/service.go:168.2,169.35 2 0
KitaSehat_Backend/internal/features/users/service/service.go:169.35,172.3 2 0
KitaSehat_Backend/internal/features/users/service/service.go:172.8,172.23 1 0
KitaSehat_Backend/internal/features/users/service/service.go:172.23,175.3 2 0
KitaSehat_Backend/internal/features/users/service/service.go:177.2,177.40 1 0
KitaSehat_Backend/internal/features/users/service/service.go:180.57,183.35 2 0
KitaSehat_Backend/internal/features/users/service/service.go:183.35,186.3 2 0
KitaSehat_Backend/internal/features/users/service/service.go:186.8,186.23 1 0
KitaSehat_Backend/internal/features/users/service/service.go:186.23,189.3 2 0
KitaSehat_Backend/internal/features/users/service/service.go:191.2,191.40 1 0
KitaSehat_Backend/internal/features/users/service/service.go:194.79,199.16 2 0
KitaSehat_Backend/internal/features/users/service/service.go:199.16,202.3 2 0
KitaSehat_Backend/internal/features/users/service/service.go:205.2,207.16 3 0
KitaSehat_Backend/internal/features/users/service/service.go:207.16,210.3 2 0
KitaSehat_Backend/internal/features/users/service/service.go:213.2,214.35 2 0
KitaSehat_Backend/internal/features/users/service/service.go:214.35,217.3 2 0
KitaSehat_Backend/internal/features/users/service/service.go:217.8,217.23 1 0
KitaSehat_Backend/internal/features/users/service/service.go:217.23,220.3 2 0
KitaSehat_Backend/internal/features/users/service/service.go:222.2,222.39 1 0
KitaSehat_Backend/internal/helper/helper.go:19.79,26.2 1 0
KitaSehat_Backend/internal/helper/helper.go:28.57,35.2 1 0
KitaSehat_Backend/internal/utils/cloudinary.go:14.63,17.16 2 0
KitaSehat_Backend/internal/utils/cloudinary.go:17.16,19.3 1 0
KitaSehat_Backend/internal/utils/cloudinary.go:22.2,23.16 2 0
KitaSehat_Backend/internal/utils/cloudinary.go:23.16,25.3 1 0
KitaSehat_Backend/internal/utils/cloudinary.go:28.2,29.16 2 0
KitaSehat_Backend/internal/utils/cloudinary.go:29.16,31.3 1 0
KitaSehat_Backend/internal/utils/cloudinary.go:32.2,41.16 3 0
KitaSehat_Backend/internal/utils/cloudinary.go:41.16,43.3 1 0
KitaSehat_Backend/internal/utils/cloudinary.go:46.2,46.26 1 0
KitaSehat_Backend/internal/utils/password.go:12.52,14.2 1 0
KitaSehat_Backend/internal/utils/password.go:16.75,18.16 2 0
KitaSehat_Backend/internal/utils/password.go:18.16,20.3 1 0
KitaSehat_Backend/internal/utils/password.go:21.2,21.20 1 0
KitaSehat_Backend/internal/utils/password.go:24.73,26.2 1 0
KitaSehat_Backend/internal/utils/token.go:18.46,20.2 1 0
KitaSehat_Backend/internal/utils/token.go:22.77,35.16 12 0
KitaSehat_Backend/internal/utils/token.go:35.16,37.3 1 0
KitaSehat_Backend/internal/utils/token.go:39.2,39.20 1 0
KitaSehat_Backend/internal/utils/token.go:42.66,53.2 2 0
KitaSehat_Backend/internal/utils/validator_error_mock.go:11.50,13.2 1 0
KitaSehat_Backend/internal/utils/validator_error_mock.go:15.54,17.2 1 0
KitaSehat_Backend/internal/utils/validator_mock.go:9.40,11.2 1 0
KitaSehat_Backend/internal/utils/validator_mock.go:13.49,15.2 1 0
KitaSehat_Backend/mocks/PasswordUtilityInterface.go:13.83,16.19 2 1
KitaSehat_Backend/mocks/PasswordUtilityInterface.go:16.19,17.57 1 0
KitaSehat_Backend/mocks/PasswordUtilityInterface.go:20.2,21.59 2 1
KitaSehat_Backend/mocks/PasswordUtilityInterface.go:21.59,23.3 1 0
KitaSehat_Backend/mocks/PasswordUtilityInterface.go:23.8,25.3 1 1
KitaSehat_Backend/mocks/PasswordUtilityInterface.go:27.2,27.11 1 1
KitaSehat_Backend/mocks/PasswordUtilityInterface.go:31.82,34.19 2 0
KitaSehat_Backend/mocks/PasswordUtilityInterface.go:34.19,35.58 1 0
KitaSehat_Backend/mocks/PasswordUtilityInterface.go:38.2,40.61 3 0
KitaSehat_Backend/mocks/PasswordUtilityInterface.go:40.61,42.3 1 0
KitaSehat_Backend/mocks/PasswordUtilityInterface.go:43.2,43.52 1 0
KitaSehat_Backend/mocks/PasswordUtilityInterface.go:43.52,45.3 1 0
KitaSehat_Backend/mocks/PasswordUtilityInterface.go:45.8,46.24 1 0
KitaSehat_Backend/mocks/PasswordUtilityInterface.go:46.24,48.4 1 0
KitaSehat_Backend/mocks/PasswordUtilityInterface.go:51.2,51.51 1 0
KitaSehat_Backend/mocks/PasswordUtilityInterface.go:51.51,53.3 1 0
KitaSehat_Backend/mocks/PasswordUtilityInterface.go:53.8,55.3 1 0
KitaSehat_Backend/mocks/PasswordUtilityInterface.go:57.2,57.15 1 0
KitaSehat_Backend/mocks/PasswordUtilityInterface.go:65.30,69.19 3 1
KitaSehat_Backend/mocks/PasswordUtilityInterface.go:69.19,69.49 1 1
KitaSehat_Backend/mocks/PasswordUtilityInterface.go:71.2,71.13 1 1
KitaSehat_Backend/mocks/SHandler.go:16.55,19.19 2 0
KitaSehat_Backend/mocks/SHandler.go:19.19,20.51 1 0
KitaSehat_Backend/mocks/SHandler.go:23.2,24.57 2 0
KitaSehat_Backend/mocks/SHandler.go:24.57,26.3 1 0
KitaSehat_Backend/mocks/SHandler.go:26.8,28.3 1 0
KitaSehat_Backend/mocks/SHandler.go:30.2,30.11 1 0
KitaSehat_Backend/mocks/SHandler.go:34.58,37.19 2 0
KitaSehat_Backend/mocks/SHandler.go:37.19,38.54 1 0
KitaSehat_Backend/mocks/SHandler.go:41.2,42.57 2 0
KitaSehat_Backend/mocks/SHandler.go:42.57,44.3 1 0
KitaSehat_Backend/mocks/SHandler.go:44.8,46.3 1 0
KitaSehat_Backend/mocks/SHandler.go:48.2,48.11 1 0
KitaSehat_Backend/mocks/SHandler.go:52.59,55.19 2 0
KitaSehat_Backend/mocks/SHandler.go:55.19,56.55 1 0
KitaSehat_Backend/mocks/SHandler.go:59.2,60.57 2 0
KitaSehat_Backend/mocks/SHandler.go:60.57,62.3 1 0
KitaSehat_Backend/mocks/SHandler.go:62.8,64.3 1 0
KitaSehat_Backend/mocks/SHandler.go:66.2,66.11 1 0
KitaSehat_Backend/mocks/SHandler.go:70.55,73.19 2 0
KitaSehat_Backend/mocks/SHandler.go:73.19,74.51 1 0
KitaSehat_Backend/mocks/SHandler.go:77.2,78.57 2 0
KitaSehat_Backend/mocks/SHandler.go:78.57,80.3 1 0
KitaSehat_Backend/mocks/SHandler.go:80.8,82.3 1 0
KitaSehat_Backend/mocks/SHandler.go:84.2,84.11 1 0
KitaSehat_Backend/mocks/SHandler.go:88.58,91.19 2 0
KitaSehat_Backend/mocks/SHandler.go:91.19,92.54 1 0
KitaSehat_Backend/mocks/SHandler.go:95.2,96.57 2 0
KitaSehat_Backend/mocks/SHandler.go:96.57,98.3 1 0
KitaSehat_Backend/mocks/SHandler.go:98.8,100.3 1 0
KitaSehat_Backend/mocks/SHandler.go:102.2,102.11 1 0
KitaSehat_Backend/mocks/SHandler.go:110.14,114.19 3 0
KitaSehat_Backend/mocks/SHandler.go:114.19,114.49 1 0
KitaSehat_Backend/mocks/SHandler.go:116.2,116.13 1 0
KitaSehat_Backend/mocks/SQuery.go:17.55,20.19 2 0
KitaSehat_Backend/mocks/SQuery.go:20.19,21.51 1 0
KitaSehat_Backend/mocks/SQuery.go:24.2,25.59 2 0
KitaSehat_Backend/mocks/SQuery.go:25.59,27.3 1 0
KitaSehat_Backend/mocks/SQuery.go:27.8,29.3 1 0
KitaSehat_Backend/mocks/SQuery.go:31.2,31.11 1 0
KitaSehat_Backend/mocks/SQuery.go:35.47,38.19 2 0
KitaSehat_Backend/mocks/SQuery.go:38.19,39.54 1 0
KitaSehat_Backend/mocks/SQuery.go:42.2,43.48 2 0
KitaSehat_Backend/mocks/SQuery.go:43.48,45.3 1 0
KitaSehat_Backend/mocks/SQuery.go:45.8,47.3 1 0
KitaSehat_Backend/mocks/SQuery.go:49.2,49.11 1 0
KitaSehat_Backend/mocks/SQuery.go:53.61,56.19 2 0
KitaSehat_Backend/mocks/SQuery.go:56.19,57.55 1 0
KitaSehat_Backend/mocks/SQuery.go:60.2,62.65 3 0
KitaSehat_Backend/mocks/SQuery.go:62.65,64.3 1 0
KitaSehat_Backend/mocks/SQuery.go:65.2,65.56 1 0
KitaSehat_Backend/mocks/SQuery.go:65.56,67.3 1 0
KitaSehat_Backend/mocks/SQuery.go:67.8,68.24 1 0
KitaSehat_Backend/mocks/SQuery.go:68.24,70.4 1 0
KitaSehat_Backend/mocks/SQuery.go:73.2,73.45 1 0
KitaSehat_Backend/mocks/SQuery.go:73.45,75.3 1 0
KitaSehat_Backend/mocks/SQuery.go:75.8,77.3 1 0
KitaSehat_Backend/mocks/SQuery.go:79.2,79.15 1 0
KitaSehat_Backend/mocks/SQuery.go:83.62,86.19 2 0
KitaSehat_Backend/mocks/SQuery.go:86.19,87.51 1 0
KitaSehat_Backend/mocks/SQuery.go:90.2,92.66 3 0
KitaSehat_Backend/mocks/SQuery.go:92.66,94.3 1 0
KitaSehat_Backend/mocks/SQuery.go:95.2,95.57 1 0
KitaSehat_Backend/mocks/SQuery.go:95.57,97.3 1 0
KitaSehat_Backend/mocks/SQuery.go:97.8,99.3 1 0
KitaSehat_Backend/mocks/SQuery.go:101.2,101.48 1 0
KitaSehat_Backend/mocks/SQuery.go:101.48,103.3 1 0
KitaSehat_Backend/mocks/SQuery.go:103.8,105.3 1 0
KitaSehat_Backend/mocks/SQuery.go:107.2,107.15 1 0
KitaSehat_Backend/mocks/SQuery.go:111.58,114.19 2 0
KitaSehat_Backend/mocks/SQuery.go:114.19,115.54 1 0
KitaSehat_Backend/mocks/SQuery.go:118.2,119.59 2 0
KitaSehat_Backend/mocks/SQuery.go:119.59,121.3 1 0
KitaSehat_Backend/mocks/SQuery.go:121.8,123.3 1 0
KitaSehat_Backend/mocks/SQuery.go:125.2,125.11 1 0
KitaSehat_Backend/mocks/SQuery.go:133.12,137.19 3 0
KitaSehat_Backend/mocks/SQuery.go:137.19,137.49 1 0
KitaSehat_Backend/mocks/SQuery.go:139.2,139.13 1 0
KitaSehat_Backend/mocks/SSHandler.go:16.64,19.19 2 0
KitaSehat_Backend/mocks/SSHandler.go:19.19,20.59 1 0
KitaSehat_Backend/mocks/SSHandler.go:23.2,24.57 2 0
KitaSehat_Backend/mocks/SSHandler.go:24.57,26.3 1 0
KitaSehat_Backend/mocks/SSHandler.go:26.8,28.3 1 0
KitaSehat_Backend/mocks/SSHandler.go:30.2,30.11 1 0
KitaSehat_Backend/mocks/SSHandler.go:34.65,37.19 2 0
KitaSehat_Backend/mocks/SSHandler.go:37.19,38.60 1 0
KitaSehat_Backend/mocks/SSHandler.go:41.2,42.57 2 0
KitaSehat_Backend/mocks/SSHandler.go:42.57,44.3 1 0
KitaSehat_Backend/mocks/SSHandler.go:44.8,46.3 1 0
KitaSehat_Backend/mocks/SSHandler.go:48.2,48.11 1 0
KitaSehat_Backend/mocks/SSHandler.go:52.61,55.19 2 0
KitaSehat_Backend/mocks/SSHandler.go:55.19,56.56 1 0
KitaSehat_Backend/mocks/SSHandler.go:59.2,60.57 2 0
KitaSehat_Backend/mocks/SSHandler.go:60.57,62.3 1 0
KitaSehat_Backend/mocks/SSHandler.go:62.8,64.3 1 0
KitaSehat_Backend/mocks/SSHandler.go:66.2,66.11 1 0
KitaSehat_Backend/mocks/SSHandler.go:70.57,73.19 2 0
KitaSehat_Backend/mocks/SSHandler.go:73.19,74.52 1 0
KitaSehat_Backend/mocks/SSHandler.go:77.2,78.57 2 0
KitaSehat_Backend/mocks/SSHandler.go:78.57,80.3 1 0
KitaSehat_Backend/mocks/SSHandler.go:80.8,82.3 1 0
KitaSehat_Backend/mocks/SSHandler.go:84.2,84.11 1 0
KitaSehat_Backend/mocks/SSHandler.go:92.15,96.19 3 0
KitaSehat_Backend/mocks/SSHandler.go:96.19,96.49 1 0
KitaSehat_Backend/mocks/SSHandler.go:98.2,98.13 1 0
KitaSehat_Backend/mocks/SSQuery.go:17.53,20.19 2 0
KitaSehat_Backend/mocks/SSQuery.go:20.19,21.59 1 0
KitaSehat_Backend/mocks/SSQuery.go:24.2,25.48 2 0
KitaSehat_Backend/mocks/SSQuery.go:25.48,27.3 1 0
KitaSehat_Backend/mocks/SSQuery.go:27.8,29.3 1 0
KitaSehat_Backend/mocks/SSQuery.go:31.2,31.11 1 0
KitaSehat_Backend/mocks/SSQuery.go:35.84,38.19 2 0
KitaSehat_Backend/mocks/SSQuery.go:38.19,39.60 1 0
KitaSehat_Backend/mocks/SSQuery.go:42.2,44.78 3 0
KitaSehat_Backend/mocks/SSQuery.go:44.78,46.3 1 0
KitaSehat_Backend/mocks/SSQuery.go:47.2,47.69 1 0
KitaSehat_Backend/mocks/SSQuery.go:47.69,49.3 1 0
KitaSehat_Backend/mocks/SSQuery.go:49.8,50.24 1 0
KitaSehat_Backend/mocks/SSQuery.go:50.24,52.4 1 0
KitaSehat_Backend/mocks/SSQuery.go:55.2,55.48 1 0
KitaSehat_Backend/mocks/SSQuery.go:55.48,57.3 1 0
KitaSehat_Backend/mocks/SSQuery.go:57.8,59.3 1 0
KitaSehat_Backend/mocks/SSQuery.go:61.2,61.15 1 0
KitaSehat_Backend/mocks/SSQuery.go:65.78,68.19 2 0
KitaSehat_Backend/mocks/SSQuery.go:68.19,69.56 1 0
KitaSehat_Backend/mocks/SSQuery.go:72.2,74.76 3 0
KitaSehat_Backend/mocks/SSQuery.go:74.76,76.3 1 0
KitaSehat_Backend/mocks/SSQuery.go:77.2,77.67 1 0
KitaSehat_Backend/mocks/SSQuery.go:77.67,79.3 1 0
KitaSehat_Backend/mocks/SSQuery.go:79.8,81.3 1 0
KitaSehat_Backend/mocks/SSQuery.go:83.2,83.48 1 0
KitaSehat_Backend/mocks/SSQuery.go:83.48,85.3 1 0
KitaSehat_Backend/mocks/SSQuery.go:85.8,87.3 1 0
KitaSehat_Backend/mocks/SSQuery.go:89.2,89.15 1 0
KitaSehat_Backend/mocks/SSQuery.go:93.67,96.19 2 0
KitaSehat_Backend/mocks/SSQuery.go:96.19,97.52 1 0
KitaSehat_Backend/mocks/SSQuery.go:100.2,101.69 2 0
KitaSehat_Backend/mocks/SSQuery.go:101.69,103.3 1 0
KitaSehat_Backend/mocks/SSQuery.go:103.8,105.3 1 0
KitaSehat_Backend/mocks/SSQuery.go:107.2,107.11 1 0
KitaSehat_Backend/mocks/SSQuery.go:115.13,119.19 3 0
KitaSehat_Backend/mocks/SSQuery.go:119.19,119.49 1 0
KitaSehat_Backend/mocks/SSQuery.go:121.2,121.13 1 0
KitaSehat_Backend/mocks/SSService.go:17.55,20.19 2 0
KitaSehat_Backend/mocks/SSService.go:20.19,21.59 1 0
KitaSehat_Backend/mocks/SSService.go:24.2,25.48 2 0
KitaSehat_Backend/mocks/SSService.go:25.48,27.3 1 0
KitaSehat_Backend/mocks/SSService.go:27.8,29.3 1 0
KitaSehat_Backend/mocks/SSService.go:31.2,31.11 1 0
KitaSehat_Backend/mocks/SSService.go:35.86,38.19 2 0
KitaSehat_Backend/mocks/SSService.go:38.19,39.60 1 0
KitaSehat_Backend/mocks/SSService.go:42.2,44.78 3 0
KitaSehat_Backend/mocks/SSService.go:44.78,46.3 1 0
KitaSehat_Backend/mocks/SSService.go:47.2,47.69 1 0
KitaSehat_Backend/mocks/SSService.go:47.69,49.3 1 0
KitaSehat_Backend/mocks/SSService.go:49.8,50.24 1 0
KitaSehat_Backend/mocks/SSService.go:50.24,52.4 1 0
KitaSehat_Backend/mocks/SSService.go:55.2,55.48 1 0
KitaSehat_Backend/mocks/SSService.go:55.48,57.3 1 0
KitaSehat_Backend/mocks/SSService.go:57.8,59.3 1 0
KitaSehat_Backend/mocks/SSService.go:61.2,61.15 1 0
KitaSehat_Backend/mocks/SSService.go:65.80,68.19 2 0
KitaSehat_Backend/mocks/SSService.go:68.19,69.56 1 0
KitaSehat_Backend/mocks/SSService.go:72.2,74.76 3 0
KitaSehat_Backend/mocks/SSService.go:74.76,76.3 1 0
KitaSehat_Backend/mocks/SSService.go:77.2,77.67 1 0
KitaSehat_Backend/mocks/SSService.go:77.67,79.3 1 0
KitaSehat_Backend/mocks/SSService.go:79.8,81.3 1 0
KitaSehat_Backend/mocks/SSService.go:83.2,83.48 1 0
KitaSehat_Backend/mocks/SSService.go:83.48,85.3 1 0
KitaSehat_Backend/mocks/SSService.go:85.8,87.3 1 0
KitaSehat_Backend/mocks/SSService.go:89.2,89.15 1 0
KitaSehat_Backend/mocks/SSService.go:93.69,96.19 2 0
KitaSehat_Backend/mocks/SSService.go:96.19,97.52 1 0
KitaSehat_Backend/mocks/SSService.go:100.2,101.69 2 0
KitaSehat_Backend/mocks/SSService.go:101.69,103.3 1 0
KitaSehat_Backend/mocks/SSService.go:103.8,105.3 1 0
KitaSehat_Backend/mocks/SSService.go:107.2,107.11 1 0
KitaSehat_Backend/mocks/SSService.go:115.15,119.19 3 0
KitaSehat_Backend/mocks/SSService.go:119.19,119.49 1 0
KitaSehat_Backend/mocks/SSService.go:121.2,121.13 1 0
KitaSehat_Backend/mocks/SService.go:17.57,20.19 2 0
KitaSehat_Backend/mocks/SService.go:20.19,21.51 1 0
KitaSehat_Backend/mocks/SService.go:24.2,25.59 2 0
KitaSehat_Backend/mocks/SService.go:25.59,27.3 1 0
KitaSehat_Backend/mocks/SService.go:27.8,29.3 1 0
KitaSehat_Backend/mocks/SService.go:31.2,31.11 1 0
KitaSehat_Backend/mocks/SService.go:35.49,38.19 2 0
KitaSehat_Backend/mocks/SService.go:38.19,39.54 1 0
KitaSehat_Backend/mocks/SService.go:42.2,43.48 2 0
KitaSehat_Backend/mocks/SService.go:43.48,45.3 1 0
KitaSehat_Backend/mocks/SService.go:45.8,47.3 1 0
KitaSehat_Backend/mocks/SService.go:49.2,49.11 1 0
KitaSehat_Backend/mocks/SService.go:53.63,56.19 2 0
KitaSehat_Backend/mocks/SService.go:56.19,57.55 1 0
KitaSehat_Backend/mocks/SService.go:60.2,62.65 3 0
KitaSehat_Backend/mocks/SService.go:62.65,64.3 1 0
KitaSehat_Backend/mocks/SService.go:65.2,65.56 1 0
KitaSehat_Backend/mocks/SService.go:65.56,67.3 1 0
KitaSehat_Backend/mocks/SService.go:67.8,68.24 1 0
KitaSehat_Backend/mocks/SService.go:68.24,70.4 1 0
KitaSehat_Backend/mocks/SService.go:73.2,73.45 1 0
KitaSehat_Backend/mocks/SService.go:73.45,75.3 1 0
KitaSehat_Backend/mocks/SService.go:75.8,77.3 1 0
KitaSehat_Backend/mocks/SService.go:79.2,79.15 1 0
KitaSehat_Backend/mocks/SService.go:83.64,86.19 2 0
KitaSehat_Backend/mocks/SService.go:86.19,87.51 1 0
KitaSehat_Backend/mocks/SService.go:90.2,92.66 3 0
KitaSehat_Backend/mocks/SService.go:92.66,94.3 1 0
KitaSehat_Backend/mocks/SService.go:95.2,95.57 1 0
KitaSehat_Backend/mocks/SService.go:95.57,97.3 1 0
KitaSehat_Backend/mocks/SService.go:97.8,99.3 1 0
KitaSehat_Backend/mocks/SService.go:101.2,101.48 1 0
KitaSehat_Backend/mocks/SService.go:101.48,103.3 1 0
KitaSehat_Backend/mocks/SService.go:103.8,105.3 1 0
KitaSehat_Backend/mocks/SService.go:107.2,107.15 1 0
KitaSehat_Backend/mocks/SService.go:111.60,114.19 2 0
KitaSehat_Backend/mocks/SService.go:114.19,115.54 1 0
KitaSehat_Backend/mocks/SService.go:118.2,119.59 2 0
KitaSehat_Backend/mocks/SService.go:119.59,121.3 1 0
KitaSehat_Backend/mocks/SService.go:121.8,123.3 1 0
KitaSehat_Backend/mocks/SService.go:125.2,125.11 1 0
KitaSehat_Backend/mocks/SService.go:133.14,137.19 3 0
KitaSehat_Backend/mocks/SService.go:137.19,137.49 1 0
KitaSehat_Backend/mocks/SService.go:139.2,139.13 1 0
KitaSehat_Backend/mocks/TokenUtilityInterface.go:18.73,21.19 2 0
KitaSehat_Backend/mocks/TokenUtilityInterface.go:21.19,22.53 1 0
KitaSehat_Backend/mocks/TokenUtilityInterface.go:25.2,26.60 2 0
KitaSehat_Backend/mocks/TokenUtilityInterface.go:26.60,28.3 1 0
KitaSehat_Backend/mocks/TokenUtilityInterface.go:28.8,30.3 1 0
KitaSehat_Backend/mocks/TokenUtilityInterface.go:32.2,32.11 1 0
KitaSehat_Backend/mocks/TokenUtilityInterface.go:36.80,39.19 2 1
KitaSehat_Backend/mocks/TokenUtilityInterface.go:39.19,40.55 1 0
KitaSehat_Backend/mocks/TokenUtilityInterface.go:43.2,45.65 3 1
KitaSehat_Backend/mocks/TokenUtilityInterface.go:45.65,47.3 1 0
KitaSehat_Backend/mocks/TokenUtilityInterface.go:48.2,48.56 1 1
KitaSehat_Backend/mocks/TokenUtilityInterface.go:48.56,50.3 1 0
KitaSehat_Backend/mocks/TokenUtilityInterface.go:50.8,52.3 1 1
KitaSehat_Backend/mocks/TokenUtilityInterface.go:54.2,54.55 1 1
KitaSehat_Backend/mocks/TokenUtilityInterface.go:54.55,56.3 1 0
KitaSehat_Backend/mocks/TokenUtilityInterface.go:56.8,58.3 1 1
KitaSehat_Backend/mocks/TokenUtilityInterface.go:60.2,60.15 1 1
KitaSehat_Backend/mocks/TokenUtilityInterface.go:68.27,72.19 3 1
KitaSehat_Backend/mocks/TokenUtilityInterface.go:72.19,72.49 1 1
KitaSehat_Backend/mocks/TokenUtilityInterface.go:74.2,74.13 1 1
KitaSehat_Backend/mocks/UHandler.go:16.60,19.19 2 0
KitaSehat_Backend/mocks/UHandler.go:19.19,20.56 1 0
KitaSehat_Backend/mocks/UHandler.go:23.2,24.57 2 0
KitaSehat_Backend/mocks/UHandler.go:24.57,26.3 1 0
KitaSehat_Backend/mocks/UHandler.go:26.8,28.3 1 0
KitaSehat_Backend/mocks/UHandler.go:30.2,30.11 1 0
KitaSehat_Backend/mocks/UHandler.go:34.56,37.19 2 0
KitaSehat_Backend/mocks/UHandler.go:37.19,38.52 1 0
KitaSehat_Backend/mocks/UHandler.go:41.2,42.57 2 0
KitaSehat_Backend/mocks/UHandler.go:42.57,44.3 1 0
KitaSehat_Backend/mocks/UHandler.go:44.8,46.3 1 0
KitaSehat_Backend/mocks/UHandler.go:48.2,48.11 1 0
KitaSehat_Backend/mocks/UHandler.go:52.57,55.19 2 0
KitaSehat_Backend/mocks/UHandler.go:55.19,56.53 1 0
KitaSehat_Backend/mocks/UHandler.go:59.2,60.57 2 0
KitaSehat_Backend/mocks/UHandler.go:60.57,62.3 1 0
KitaSehat_Backend/mocks/UHandler.go:62.8,64.3 1 0
KitaSehat_Backend/mocks/UHandler.go:66.2,66.11 1 0
KitaSehat_Backend/mocks/UHandler.go:70.53,73.19 2 0
KitaSehat_Backend/mocks/UHandler.go:73.19,74.49 1 0
KitaSehat_Backend/mocks/UHandler.go:77.2,78.57 2 0
KitaSehat_Backend/mocks/UHandler.go:78.57,80.3 1 0
KitaSehat_Backend/mocks/UHandler.go:80.8,82.3 1 0
KitaSehat_Backend/mocks/UHandler.go:84.2,84.11 1 0
KitaSehat_Backend/mocks/UHandler.go:88.51,91.19 2 0
KitaSehat_Backend/mocks/UHandler.go:91.19,92.47 1 0
KitaSehat_Backend/mocks/UHandler.go:95.2,96.57 2 0
KitaSehat_Backend/mocks/UHandler.go:96.57,98.3 1 0
KitaSehat_Backend/mocks/UHandler.go:98.8,100.3 1 0
KitaSehat_Backend/mocks/UHandler.go:102.2,102.11 1 0
KitaSehat_Backend/mocks/UHandler.go:106.54,109.19 2 0
KitaSehat_Backend/mocks/UHandler.go:109.19,110.50 1 0
KitaSehat_Backend/mocks/UHandler.go:113.2,114.57 2 0
KitaSehat_Backend/mocks/UHandler.go:114.57,116.3 1 0
KitaSehat_Backend/mocks/UHandler.go:116.8,118.3 1 0
KitaSehat_Backend/mocks/UHandler.go:120.2,120.11 1 0
KitaSehat_Backend/mocks/UHandler.go:124.56,127.19 2 0
KitaSehat_Backend/mocks/UHandler.go:127.19,128.52 1 0
KitaSehat_Backend/mocks/UHandler.go:131.2,132.57 2 0
KitaSehat_Backend/mocks/UHandler.go:132.57,134.3 1 0
KitaSehat_Backend/mocks/UHandler.go:134.8,136.3 1 0
KitaSehat_Backend/mocks/UHandler.go:138.2,138.11 1 0
KitaSehat_Backend/mocks/UHandler.go:146.14,150.19 3 0
KitaSehat_Backend/mocks/UHandler.go:150.19,150.49 1 0
KitaSehat_Backend/mocks/UHandler.go:152.2,152.13 1 0
KitaSehat_Backend/mocks/UQuery.go:17.65,20.19 2 0
KitaSehat_Backend/mocks/UQuery.go:20.19,21.56 1 0
KitaSehat_Backend/mocks/UQuery.go:24.2,25.60 2 0
KitaSehat_Backend/mocks/UQuery.go:25.60,27.3 1 0
KitaSehat_Backend/mocks/UQuery.go:27.8,29.3 1 0
KitaSehat_Backend/mocks/UQuery.go:31.2,31.11 1 0
KitaSehat_Backend/mocks/UQuery.go:35.45,38.19 2 0
KitaSehat_Backend/mocks/UQuery.go:38.19,39.52 1 0
KitaSehat_Backend/mocks/UQuery.go:42.2,43.48 2 0
KitaSehat_Backend/mocks/UQuery.go:43.48,45.3 1 0
KitaSehat_Backend/mocks/UQuery.go:45.8,47.3 1 0
KitaSehat_Backend/mocks/UQuery.go:49.2,49.11 1 0
KitaSehat_Backend/mocks/UQuery.go:53.85,56.19 2 0
KitaSehat_Backend/mocks/UQuery.go:56.19,57.53 1 0
KitaSehat_Backend/mocks/UQuery.go:60.2,63.79 4 0
KitaSehat_Backend/mocks/UQuery.go:63.79,65.3 1 0
KitaSehat_Backend/mocks/UQuery.go:66.2,66.65 1 0
KitaSehat_Backend/mocks/UQuery.go:66.65,68.3 1 0
KitaSehat_Backend/mocks/UQuery.go:68.8,69.24 1 0
KitaSehat_Backend/mocks/UQuery.go:69.24,71.4 1 0
KitaSehat_Backend/mocks/UQuery.go:74.2,74.56 1 0
KitaSehat_Backend/mocks/UQuery.go:74.56,76.3 1 0
KitaSehat_Backend/mocks/UQuery.go:76.8,78.3 1 0
KitaSehat_Backend/mocks/UQuery.go:80.2,80.58 1 0
KitaSehat_Backend/mocks/UQuery.go:80.58,82.3 1 0
KitaSehat_Backend/mocks/UQuery.go:82.8,84.3 1 0
KitaSehat_Backend/mocks/UQuery.go:86.2,86.19 1 0
KitaSehat_Backend/mocks/UQuery.go:90.56,93.19 2 0
KitaSehat_Backend/mocks/UQuery.go:93.19,94.49 1 0
KitaSehat_Backend/mocks/UQuery.go:97.2,99.62 3 0
KitaSehat_Backend/mocks/UQuery.go:99.62,101.3 1 0
KitaSehat_Backend/mocks/UQuery.go:102.2,102.53 1 0
KitaSehat_Backend/mocks/UQuery.go:102.53,104.3 1 0
KitaSehat_Backend/mocks/UQuery.go:104.8,106.3 1 0
KitaSehat_Backend/mocks/UQuery.go:108.2,108.48 1 0
KitaSehat_Backend/mocks/UQuery.go:108.48,110.3 1 0
KitaSehat_Backend/mocks/UQuery.go:110.8,112.3 1 0
KitaSehat_Backend/mocks/UQuery.go:114.2,114.15 1 0
KitaSehat_Backend/mocks/UQuery.go:118.54,121.19 2 0
KitaSehat_Backend/mocks/UQuery.go:121.19,122.59 1 0
KitaSehat_Backend/mocks/UQuery.go:125.2,126.50 2 0
KitaSehat_Backend/mocks/UQuery.go:126.50,128.3 1 0
KitaSehat_Backend/mocks/UQuery.go:128.8,130.3 1 0
KitaSehat_Backend/mocks/UQuery.go:132.2,132.11 1 0
KitaSehat_Backend/mocks/UQuery.go:136.57,139.19 2 1
KitaSehat_Backend/mocks/UQuery.go:139.19,140.47 1 0
KitaSehat_Backend/mocks/UQuery.go:143.2,145.65 3 1
KitaSehat_Backend/mocks/UQuery.go:145.65,147.3 1 0
KitaSehat_Backend/mocks/UQuery.go:148.2,148.56 1 1
KitaSehat_Backend/mocks/UQuery.go:148.56,150.3 1 0
KitaSehat_Backend/mocks/UQuery.go:150.8,152.3 1 1
KitaSehat_Backend/mocks/UQuery.go:154.2,154.51 1 1
KitaSehat_Backend/mocks/UQuery.go:154.51,156.3 1 0
KitaSehat_Backend/mocks/UQuery.go:156.8,158.3 1 1
KitaSehat_Backend/mocks/UQuery.go:160.2,160.15 1 1
KitaSehat_Backend/mocks/UQuery.go:164.50,167.19 2 0
KitaSehat_Backend/mocks/UQuery.go:167.19,168.50 1 0
KitaSehat_Backend/mocks/UQuery.go:171.2,172.55 2 0
KitaSehat_Backend/mocks/UQuery.go:172.55,174.3 1 0
KitaSehat_Backend/mocks/UQuery.go:174.8,176.3 1 0
KitaSehat_Backend/mocks/UQuery.go:178.2,178.11 1 0
KitaSehat_Backend/mocks/UQuery.go:182.61,185.19 2 0
KitaSehat_Backend/mocks/UQuery.go:185.19,186.52 1 0
KitaSehat_Backend/mocks/UQuery.go:189.2,190.60 2 0
KitaSehat_Backend/mocks/UQuery.go:190.60,192.3 1 0
KitaSehat_Backend/mocks/UQuery.go:192.8,194.3 1 0
KitaSehat_Backend/mocks/UQuery.go:196.2,196.11 1 0
KitaSehat_Backend/mocks/UQuery.go:204.12,208.19 3 1
KitaSehat_Backend/mocks/UQuery.go:208.19,208.49 1 1
KitaSehat_Backend/mocks/UQuery.go:210.2,210.13 1 1
KitaSehat_Backend/mocks/UService.go:18.75,21.19 2 0
KitaSehat_Backend/mocks/UService.go:21.19,22.56 1 0
KitaSehat_Backend/mocks/UService.go:25.2,27.68 3 0
KitaSehat_Backend/mocks/UService.go:27.68,29.3 1 0
KitaSehat_Backend/mocks/UService.go:30.2,30.58 1 0
KitaSehat_Backend/mocks/UService.go:30.58,32.3 1 0
KitaSehat_Backend/mocks/UService.go:32.8,34.3 1 0
KitaSehat_Backend/mocks/UService.go:36.2,36.61 1 0
KitaSehat_Backend/mocks/UService.go:36.61,38.3 1 0
KitaSehat_Backend/mocks/UService.go:38.8,40.3 1 0
KitaSehat_Backend/mocks/UService.go:42.2,42.15 1 0
KitaSehat_Backend/mocks/UService.go:46.55,49.19 2 0
KitaSehat_Backend/mocks/UService.go:49.19,50.52 1 0
KitaSehat_Backend/mocks/UService.go:53.2,55.56 3 0
KitaSehat_Backend/mocks/UService.go:55.56,57.3 1 0
KitaSehat_Backend/mocks/UService.go:58.2,58.46 1 0
KitaSehat_Backend/mocks/UService.go:58.46,60.3 1 0
KitaSehat_Backend/mocks/UService.go:60.8,62.3 1 0
KitaSehat_Backend/mocks/UService.go:64.2,64.49 1 0
KitaSehat_Backend/mocks/UService.go:64.49,66.3 1 0
KitaSehat_Backend/mocks/UService.go:66.8,68.3 1 0
KitaSehat_Backend/mocks/UService.go:70.2,70.15 1 0
KitaSehat_Backend/mocks/UService.go:74.75,77.19 2 0
KitaSehat_Backend/mocks/UService.go:77.19,78.53 1 0
KitaSehat_Backend/mocks/UService.go:81.2,85.75 5 0
KitaSehat_Backend/mocks/UService.go:85.75,87.3 1 0
KitaSehat_Backend/mocks/UService.go:88.2,88.46 1 0
KitaSehat_Backend/mocks/UService.go:88.46,90.3 1 0
KitaSehat_Backend/mocks/UService.go:90.8,92.3 1 0
KitaSehat_Backend/mocks/UService.go:94.2,94.49 1 0
KitaSehat_Backend/mocks/UService.go:94.49,96.3 1 0
KitaSehat_Backend/mocks/UService.go:96.8,98.3 1 0
KitaSehat_Backend/mocks/UService.go:100.2,100.55 1 0
KitaSehat_Backend/mocks/UService.go:100.55,102.3 1 0
KitaSehat_Backend/mocks/UService.go:102.8,103.24 1 0
KitaSehat_Backend/mocks/UService.go:103.24,105.4 1 0
KitaSehat_Backend/mocks/UService.go:108.2,108.46 1 0
KitaSehat_Backend/mocks/UService.go:108.46,110.3 1 0
KitaSehat_Backend/mocks/UService.go:110.8,112.3 1 0
KitaSehat_Backend/mocks/UService.go:114.2,114.23 1 0
KitaSehat_Backend/mocks/UService.go:118.64,121.19 2 0
KitaSehat_Backend/mocks/UService.go:121.19,122.49 1 0
KitaSehat_Backend/mocks/UService.go:125.2,128.68 4 0
KitaSehat_Backend/mocks/UService.go:128.68,130.3 1 0
KitaSehat_Backend/mocks/UService.go:131.2,131.46 1 0
KitaSehat_Backend/mocks/UService.go:131.46,133.3 1 0
KitaSehat_Backend/mocks/UService.go:133.8,135.3 1 0
KitaSehat_Backend/mocks/UService.go:137.2,137.49 1 0
KitaSehat_Backend/mocks/UService.go:137.49,139.3 1 0
KitaSehat_Backend/mocks/UService.go:139.8,141.3 1 0
KitaSehat_Backend/mocks/UService.go:143.2,143.53 1 0
KitaSehat_Backend/mocks/UService.go:143.53,145.3 1 0
KitaSehat_Backend/mocks/UService.go:145.8,147.3 1 0
KitaSehat_Backend/mocks/UService.go:149.2,149.19 1 0
KitaSehat_Backend/mocks/UService.go:153.73,156.19 2 0
KitaSehat_Backend/mocks/UService.go:156.19,157.47 1 0
KitaSehat_Backend/mocks/UService.go:160.2,163.75 4 0
KitaSehat_Backend/mocks/UService.go:163.75,165.3 1 0
KitaSehat_Backend/mocks/UService.go:166.2,166.57 1 0
KitaSehat_Backend/mocks/UService.go:166.57,168.3 1 0
KitaSehat_Backend/mocks/UService.go:168.8,170.3 1 0
KitaSehat_Backend/mocks/UService.go:172.2,172.60 1 0
KitaSehat_Backend/mocks/UService.go:172.60,174.3 1 0
KitaSehat_Backend/mocks/UService.go:174.8,176.3 1 0
KitaSehat_Backend/mocks/UService.go:178.2,178.60 1 0
KitaSehat_Backend/mocks/UService.go:178.60,180.3 1 0
KitaSehat_Backend/mocks/UService.go:180.8,182.3 1 0
KitaSehat_Backend/mocks/UService.go:184.2,184.19 1 0
KitaSehat_Backend/mocks/UService.go:188.60,191.19 2 0
KitaSehat_Backend/mocks/UService.go:191.19,192.50 1 0
KitaSehat_Backend/mocks/UService.go:195.2,197.63 3 0
KitaSehat_Backend/mocks/UService.go:197.63,199.3 1 0
KitaSehat_Backend/mocks/UService.go:200.2,200.53 1 0
KitaSehat_Backend/mocks/UService.go:200.53,202.3 1 0
KitaSehat_Backend/mocks/UService.go:202.8,204.3 1 0
KitaSehat_Backend/mocks/UService.go:206.2,206.56 1 0
KitaSehat_Backend/mocks/UService.go:206.56,208.3 1 0
KitaSehat_Backend/mocks/UService.go:208.8,210.3 1 0
KitaSehat_Backend/mocks/UService.go:212.2,212.15 1 0
KitaSehat_Backend/mocks/UService.go:216.89,219.19 2 0
KitaSehat_Backend/mocks/UService.go:219.19,220.52 1 0
KitaSehat_Backend/mocks/UService.go:223.2,225.82 3 0
KitaSehat_Backend/mocks/UService.go:225.82,227.3 1 0
KitaSehat_Backend/mocks/UService.go:228.2,228.72 1 0
KitaSehat_Backend/mocks/UService.go:228.72,230.3 1 0
KitaSehat_Backend/mocks/UService.go:230.8,232.3 1 0
KitaSehat_Backend/mocks/UService.go:234.2,234.75 1 0
KitaSehat_Backend/mocks/UService.go:234.75,236.3 1 0
KitaSehat_Backend/mocks/UService.go:236.8,238.3 1 0
KitaSehat_Backend/mocks/UService.go:240.2,240.15 1 0
KitaSehat_Backend/mocks/UService.go:248.14,252.19 3 0
KitaSehat_Backend/mocks/UService.go:252.19,252.49 1 0
KitaSehat_Backend/mocks/UService.go:254.2,254.13 1 0
KitaSehat_Backend/mocks/Validator.go:13.49,15.2 1 0
KitaSehat_Backend/mocks/Validator.go:20.15,24.19 3 0
KitaSehat_Backend/mocks/Validator.go:24.19,24.49 1 0
KitaSehat_Backend/mocks/Validator.go:26.2,26.13 1 0
KitaSehat_Backend/mocks/ValidatorErrorInterface.go:13.66,16.19 2 0
KitaSehat_Backend/mocks/ValidatorErrorInterface.go:16.19,17.48 1 0
KitaSehat_Backend/mocks/ValidatorErrorInterface.go:20.2,21.56 2 0
KitaSehat_Backend/mocks/ValidatorErrorInterface.go:21.56,23.3 1 0
KitaSehat_Backend/mocks/ValidatorErrorInterface.go:23.8,25.3 1 0
KitaSehat_Backend/mocks/ValidatorErrorInterface.go:27.2,27.11 1 0
KitaSehat_Backend/mocks/ValidatorErrorInterface.go:35.29,39.19 3 1
KitaSehat_Backend/mocks/ValidatorErrorInterface.go:39.19,39.49 1 1
KitaSehat_Backend/mocks/ValidatorErrorInterface.go:41.2,41.13 1 1
KitaSehat_Backend/mocks/ValidatorInterface.go:13.61,16.19 2 0
KitaSehat_Backend/mocks/ValidatorInterface.go:16.19,17.48 1 0
KitaSehat_Backend/mocks/ValidatorInterface.go:20.2,21.56 2 0
KitaSehat_Backend/mocks/ValidatorInterface.go:21.56,23.3 1 0
KitaSehat_Backend/mocks/ValidatorInterface.go:23.8,25.3 1 0
KitaSehat_Backend/mocks/ValidatorInterface.go:27.2,27.11 1 0
KitaSehat_Backend/mocks/ValidatorInterface.go:35.24,39.19 3 1
KitaSehat_Backend/mocks/ValidatorInterface.go:39.19,39.49 1 1
KitaSehat_Backend/mocks/ValidatorInterface.go:41.2,41.13 1 1
